Launching FLIP 7 session
Players initialized. Waiting to start first round
Round 1 started with fresh deck
Player 1 hit and drew +6
Player 2 hit and drew 12
Player 3 hit and drew 9
Player 1 hit and drew 10
Player 2 hit and drew 9
Player 3 hit and drew 10
Player 1 drew 10 and busted
Player 2 hit and drew 6
Player 3 drew 9 and busted
Player 2 hit and drew 10
Player 2 hit and drew 11
Player 2 drew 11 and busted
Round complete. Awaiting next deal
Round 2 started with fresh deck
Player 1 hit and drew 3
Player 2 hit and drew 11
Player 3 hit and drew 12
Player 1 hit and drew 4
Player 2 hit and drew 5
Player 3 hit and drew 9
Player 1 stayed at 7
Player 1 earned 7 points (total: 7)
Player 2 stayed at 16
Player 2 earned 16 points (total: 16)
Player 3 stayed at 21
Player 3 earned 21 points (total: 21)
Round complete. Awaiting next deal
Round 3 started with fresh deck
Player 1 hit and drew 9
Player 2 hit and drew +6
Player 3 hit and drew 3
Player 1 hit and drew 7
Player 2 hit and drew 12
Player 3 hit and drew 10
Player 1 hit and drew +4
Player 2 hit and drew 9
Player 3 hit and drew 12
Player 1 stayed at 20
Player 1 earned 20 points (total: 27)
Player 2 stayed at 27
Player 2 earned 27 points (total: 43)
Player 3 stayed at 25
Player 3 earned 25 points (total: 46)
Round complete. Awaiting next deal
Round 4 started with fresh deck
Player 1 hit and drew 8
Player 2 hit and drew 10
Player 3 hit and drew 5
Player 1 hit and drew 12
Player 2 hit and drew 11
Player 3 hit and drew 6
Player 1 hit and drew 11
Player 2 drew 10 and busted
Player 3 drew 5 and busted
Player 1 stayed at 31
Player 1 earned 31 points (total: 58)
Round complete. Awaiting next deal
Round 5 started with fresh deck
Player 1 hit and drew 12
Player 2 hit and drew 7
Player 3 hit and drew 12
Player 1 hit and drew 7
Player 2 hit and drew 10
Player 3 hit and drew 4
Player 1 hit and drew 5
Player 2 hit and drew 11
Player 3 hit and drew 10
Player 1 stayed at 24
Player 1 earned 24 points (total: 82)
Player 2 stayed at 28
Player 2 earned 28 points (total: 71)
Player 3 stayed at 26
Player 3 earned 26 points (total: 72)
Round complete. Awaiting next deal
Round 6 started with fresh deck
Player 1 hit and drew 3
Player 2 hit and drew 9
Player 3 hit and drew 12
Player 1 hit and drew +10
Player 2 hit and drew 12
Player 3 drew 12 and busted
Player 1 hit and drew 7
Player 2 hit and drew 8
Player 1 hit and drew 6
Player 2 stayed at 29
Player 2 earned 29 points (total: 100)
Player 1 stayed at 26
Player 1 earned 26 points (total: 108)
Round complete. Awaiting next deal
Round 7 started with fresh deck
Player 1 hit and drew 2
Player 2 hit and drew 12
Player 3 hit and drew +6
Player 1 hit and drew 5
Player 2 hit and drew 10
Player 3 hit and drew 9
Player 1 hit and drew 11
Player 2 hit and drew 11
Player 3 hit and drew 10
Player 1 hit and drew 12
Player 2 stayed at 33
Player 2 earned 33 points (total: 133)
Player 3 stayed at 25
Player 3 earned 25 points (total: 97)
Player 1 stayed at 30
Player 1 earned 30 points (total: 138)
Round complete. Awaiting next deal
Round 8 started with fresh deck
Player 1 hit and drew 9
Player 2 hit and drew 9
Player 3 hit and drew 11
Player 1 hit and drew 4
Player 2 drew 9 and busted
Player 3 hit and drew +2
Player 1 drew 9 and busted
Player 3 drew 11 and busted
Round complete. Awaiting next deal
Round 9 started with fresh deck
Player 1 hit and drew 7
Player 2 hit and drew 10
Player 3 hit and drew 11
Player 1 hit and drew 6
Player 2 hit and drew 11
Player 3 hit and drew 6
Player 1 stayed at 13
Player 1 earned 13 points (total: 151)
Player 2 stayed at 21
Player 2 earned 21 points (total: 154)
Player 3 stayed at 17
Player 3 earned 17 points (total: 114)
Round complete. Awaiting next deal
Round 10 started with fresh deck
Player 1 hit and drew 11
Player 2 hit and drew 3
Player 3 hit and drew 4
Player 1 stayed at 11
Player 1 earned 11 points (total: 162)
Player 2 stayed at 3
Player 2 earned 3 points (total: 157)
Player 3 stayed at 4
Player 3 earned 4 points (total: 118)
Round complete. Awaiting next deal
Round 11 started with fresh deck
Player 1 hit and drew 11
Player 2 hit and drew 6
Player 3 hit and drew 12
Player 1 stayed at 11
Player 1 earned 11 points (total: 173)
Player 2 stayed at 6
Player 2 earned 6 points (total: 163)
Player 3 stayed at 12
Player 3 earned 12 points (total: 130)
Round complete. Awaiting next deal
Round 12 started with fresh deck
Player 1 hit and drew 0
Player 2 hit and drew 11
Player 3 hit and drew 5
Player 1 stayed at 0
Player 1 earned 0 points (total: 173)
Player 2 stayed at 11
Player 2 earned 11 points (total: 174)
Player 3 stayed at 5
Player 3 earned 5 points (total: 135)
Round complete. Awaiting next deal
Round 13 started with fresh deck
Player 1 hit and drew 11
Player 2 hit and drew 7
Player 3 hit and drew 11
Player 1 hit and drew 10
Player 2 hit and drew 8
Player 3 hit and drew +2
Player 1 stayed at 21
Player 1 earned 21 points (total: 194)
Player 2 stayed at 15
Player 2 earned 15 points (total: 189)
Player 3 stayed at 13
Player 3 earned 13 points (total: 148)
Round complete. Awaiting next deal
Round 14 started with fresh deck
Player 1 hit and drew 8
Player 2 hit and drew 7
Player 3 hit and drew 3
Player 1 hit and drew +2
Player 2 hit and drew 3
Player 3 hit and drew 10
Player 1 stayed at 10
Player 1 earned 10 points (total: 204)
Game over triggered. Player 1 reached 204 points
